--------------------------------------------------------------------------------
Release 13.4 Trace  (nt)
Copyright (c) 1995-2011 Xilinx, Inc.  All rights reserved.

C:\Xilinx\13.4\ISE_DS\ISE\bin\nt\unwrapped\trce.exe -intstyle ise -v 3 -s 4 -n
3 -fastpaths -xml bito7sec.twx bito7sec.ncd -o bito7sec.twr bito7sec.pcf -ucf
bito7sec.ucf

Design file:              bito7sec.ncd
Physical constraint file: bito7sec.pcf
Device,package,speed:     xc3s200,tq144,-4 (PRODUCTION 1.39 2012-01-07)
Report level:             verbose report

Environment Variable      Effect 
--------------------      ------ 
NONE                      No environment variables were set
--------------------------------------------------------------------------------

INFO:Timing:2698 - No timing constraints found, doing default enumeration.
INFO:Timing:3412 - To improve timing, see the Timing Closure User Guide (UG612).
INFO:Timing:2752 - To get complete path coverage, use the unconstrained paths 
   option. All paths that are not constrained will be reported in the 
   unconstrained paths section(s) of the report.
INFO:Timing:3339 - The clock-to-out numbers in this timing report are based on 
   a 50 Ohm transmission line loading model.  For the details of this model, 
   and for more information on accounting for different loading conditions, 
   please see the device datasheet.
INFO:Timing:3390 - This architecture does not support a default System Jitter 
   value, please add SYSTEM_JITTER constraint to the UCF to modify the Clock 
   Uncertainty calculation.
INFO:Timing:3389 - This architecture does not support 'Discrete Jitter' and 
   'Phase Error' calculations, these terms will be zero in the Clock 
   Uncertainty calculation.  Please make appropriate modification to 
   SYSTEM_JITTER to account for the unsupported Discrete Jitter and Phase 
   Error.



Data Sheet report:
-----------------
All values displayed in nanoseconds (ns)

Pad to Pad
---------------+---------------+---------+
Source Pad     |Destination Pad|  Delay  |
---------------+---------------+---------+
i<0>           |o<0>           |    9.791|
i<0>           |o<1>           |    9.552|
i<0>           |o<2>           |    9.552|
i<0>           |o<3>           |    9.976|
i<0>           |o<4>           |   10.390|
i<0>           |o<5>           |   10.582|
i<0>           |o<6>           |   10.351|
i<1>           |o<0>           |    9.429|
i<1>           |o<1>           |    9.317|
i<1>           |o<2>           |    9.317|
i<1>           |o<3>           |    9.811|
i<1>           |o<4>           |    9.702|
i<1>           |o<5>           |   10.419|
i<1>           |o<6>           |   10.186|
i<2>           |o<0>           |    9.174|
i<2>           |o<1>           |    9.375|
i<2>           |o<2>           |    9.375|
i<2>           |o<3>           |    9.784|
i<2>           |o<4>           |    9.773|
i<2>           |o<5>           |   10.044|
i<2>           |o<6>           |   10.159|
---------------+---------------+---------+


Analysis completed Tue Oct 17 11:36:32 2017 
--------------------------------------------------------------------------------

Trace Settings:
-------------------------
Trace Settings 

Peak Memory Usage: 101 MB



