--------------------------------------------------------------------------------
Release 13.4 Trace  (nt)
Copyright (c) 1995-2011 Xilinx, Inc.  All rights reserved.

C:\Xilinx\13.4\ISE_DS\ISE\bin\nt\unwrapped\trce.exe -intstyle ise -v 3 -s 4 -n
3 -fastpaths -xml decode.twx decode.ncd -o decode.twr decode.pcf -ucf
decode.ucf

Design file:              decode.ncd
Physical constraint file: decode.pcf
Device,package,speed:     xc3s200,tq144,-4 (PRODUCTION 1.39 2012-01-07)
Report level:             verbose report

Environment Variable      Effect 
--------------------      ------ 
NONE                      No environment variables were set
--------------------------------------------------------------------------------

INFO:Timing:2698 - No timing constraints found, doing default enumeration.
INFO:Timing:3412 - To improve timing, see the Timing Closure User Guide (UG612).
INFO:Timing:2752 - To get complete path coverage, use the unconstrained paths 
   option. All paths that are not constrained will be reported in the 
   unconstrained paths section(s) of the report.
INFO:Timing:3339 - The clock-to-out numbers in this timing report are based on 
   a 50 Ohm transmission line loading model.  For the details of this model, 
   and for more information on accounting for different loading conditions, 
   please see the device datasheet.
INFO:Timing:3390 - This architecture does not support a default System Jitter 
   value, please add SYSTEM_JITTER constraint to the UCF to modify the Clock 
   Uncertainty calculation.
INFO:Timing:3389 - This architecture does not support 'Discrete Jitter' and 
   'Phase Error' calculations, these terms will be zero in the Clock 
   Uncertainty calculation.  Please make appropriate modification to 
   SYSTEM_JITTER to account for the unsupported Discrete Jitter and Phase 
   Error.



Data Sheet report:
-----------------
All values displayed in nanoseconds (ns)

Pad to Pad
---------------+---------------+---------+
Source Pad     |Destination Pad|  Delay  |
---------------+---------------+---------+
i<0>           |o<0>           |    9.049|
i<0>           |o<1>           |    8.237|
i<0>           |o<2>           |    9.164|
i<0>           |o<3>           |    8.379|
i<0>           |o<4>           |    9.422|
i<0>           |o<5>           |    8.598|
i<0>           |o<6>           |    8.232|
i<0>           |o<7>           |    7.763|
i<1>           |o<0>           |    9.272|
i<1>           |o<1>           |    8.551|
i<1>           |o<2>           |    8.668|
i<1>           |o<3>           |    7.925|
i<1>           |o<4>           |    9.294|
i<1>           |o<5>           |    8.561|
i<1>           |o<6>           |    8.948|
i<1>           |o<7>           |    8.570|
i<2>           |o<0>           |    9.219|
i<2>           |o<1>           |    8.492|
i<2>           |o<2>           |    8.953|
i<2>           |o<3>           |    8.288|
i<2>           |o<4>           |    9.231|
i<2>           |o<5>           |    8.492|
i<2>           |o<6>           |    7.993|
i<2>           |o<7>           |    7.609|
---------------+---------------+---------+


Analysis completed Tue Oct 17 11:07:37 2017 
--------------------------------------------------------------------------------

Trace Settings:
-------------------------
Trace Settings 

Peak Memory Usage: 101 MB



